2025-04-26 16:01:59,650 - INFO - Бот успешно запущен
2025-04-26 16:01:59,650 - INFO - Start polling
2025-04-26 16:02:00,009 - INFO - Run polling for bot @FreightLine_bot id=8103711147 - 'Freight Line'
2025-04-26 16:02:11,600 - INFO - Update id=9248496 is handled. Duration 422 ms by bot id=8103711147
2025-04-26 16:02:34,411 - INFO - Update id=9248497 is handled. Duration 125 ms by bot id=8103711147
2025-04-26 16:04:08,306 - INFO - Polling stopped
2025-04-26 16:04:08,574 - INFO - Polling stopped for bot @FreightLine_bot id=8103711147 - 'Freight Line'
2025-04-26 16:04:14,059 - INFO - Бот успешно запущен
2025-04-26 16:04:14,059 - INFO - Start polling
2025-04-26 16:04:14,384 - INFO - Run polling for bot @FreightLine_bot id=8103711147 - 'Freight Line'
2025-04-26 16:04:19,157 - INFO - Update id=9248498 is handled. Duration 359 ms by bot id=8103711147
2025-04-26 16:04:21,074 - INFO - Update id=9248499 is handled. Duration 141 ms by bot id=8103711147
2025-04-26 16:04:30,957 - INFO - Update id=9248500 is handled. Duration 203 ms by bot id=8103711147
2025-04-26 16:06:50,929 - INFO - Polling stopped
2025-04-26 16:06:51,203 - INFO - Polling stopped for bot @FreightLine_bot id=8103711147 - 'Freight Line'
2025-04-26 16:08:12,296 - INFO - Бот успешно запущен
2025-04-26 16:08:12,296 - INFO - Start polling
2025-04-26 16:08:12,651 - INFO - Run polling for bot @FreightLine_bot id=8103711147 - 'Freight Line'
2025-04-26 16:08:18,780 - INFO - Update id=9248501 is handled. Duration 343 ms by bot id=8103711147
2025-04-26 16:08:23,811 - INFO - Update id=9248502 is handled. Duration 233 ms by bot id=8103711147
2025-04-26 16:09:05,142 - INFO - Update id=9248503 is not handled. Duration 0 ms by bot id=8103711147
2025-04-26 16:09:07,430 - INFO - Update id=9248504 is not handled. Duration 0 ms by bot id=8103711147
2025-04-26 16:09:08,968 - INFO - Update id=9248505 is not handled. Duration 0 ms by bot id=8103711147
2025-04-26 16:09:35,943 - INFO - Update id=9248506 is handled. Duration 141 ms by bot id=8103711147
2025-04-26 16:09:40,161 - INFO - Update id=9248507 is handled. Duration 250 ms by bot id=8103711147
2025-04-26 16:11:06,037 - INFO - Update id=9248508 is not handled. Duration 0 ms by bot id=8103711147
2025-04-26 16:11:20,620 - INFO - Update id=9248509 is not handled. Duration 0 ms by bot id=8103711147
2025-04-26 16:12:36,957 - INFO - Update id=9248510 is not handled. Duration 0 ms by bot id=8103711147
2025-04-26 16:12:39,375 - INFO - Polling stopped
2025-04-26 16:12:39,634 - INFO - Polling stopped for bot @FreightLine_bot id=8103711147 - 'Freight Line'
2025-04-26 16:12:47,706 - INFO - Бот успешно запущен
2025-04-26 16:12:47,707 - INFO - Start polling
2025-04-26 16:12:48,054 - INFO - Run polling for bot @FreightLine_bot id=8103711147 - 'Freight Line'
2025-04-26 16:12:54,026 - INFO - Update id=9248511 is handled. Duration 359 ms by bot id=8103711147
2025-04-26 16:12:56,631 - INFO - Update id=9248512 is handled. Duration 186 ms by bot id=8103711147
2025-04-26 16:13:01,950 - INFO - Update id=9248513 is handled. Duration 359 ms by bot id=8103711147
2025-04-26 16:13:04,900 - INFO - Update id=9248514 is handled. Duration 125 ms by bot id=8103711147
2025-04-26 16:13:08,140 - INFO - Update id=9248515 is handled. Duration 250 ms by bot id=8103711147
2025-04-26 16:13:36,995 - INFO - Update id=9248516 is handled. Duration 905 ms by bot id=8103711147
2025-04-26 16:18:17,879 - INFO - Update id=9248517 is not handled. Duration 0 ms by bot id=8103711147
2025-04-26 16:19:56,050 - INFO - Polling stopped
2025-04-26 16:19:56,308 - INFO - Polling stopped for bot @FreightLine_bot id=8103711147 - 'Freight Line'
2025-04-26 16:20:00,208 - INFO - Бот успешно запущен
2025-04-26 16:20:00,208 - INFO - Start polling
2025-04-26 16:20:00,557 - INFO - Run polling for bot @FreightLine_bot id=8103711147 - 'Freight Line'
2025-04-26 16:20:15,346 - INFO - Update id=9248518 is not handled. Duration 16 ms by bot id=8103711147
2025-04-26 16:20:19,375 - INFO - Update id=9248519 is not handled. Duration 0 ms by bot id=8103711147
